{"C:\\Users\\derin\\OneDrive\\Desktop\\Interview Prep\\algos\\sum.js": {"path":"C:\\Users\\derin\\OneDrive\\Desktop\\Interview Prep\\algos\\sum.js","statementMap":{"0":{"start":{"line":2,"column":4},"end":{"line":2,"column":15}},"1":{"start":{"line":5,"column":0},"end":{"line":5,"column":21}}},"fnMap":{"0":{"name":"sum","decl":{"start":{"line":1,"column":9},"end":{"line":1,"column":12}},"loc":{"start":{"line":1,"column":19},"end":{"line":3,"column":1}},"line":1}},"branchMap":{},"s":{"0":1,"1":1},"f":{"0":1},"b":{},"_coverageSchema":"1a1c01bbd47fc00a2c39e90264f33305004495a9","hash":"1b92c31c2662670a01b7c5f0778ee48b9ada588c"}
,"C:\\Users\\derin\\OneDrive\\Desktop\\Interview Prep\\algos\\codewars\\codewars.js": {"path":"C:\\Users\\derin\\OneDrive\\Desktop\\Interview Prep\\algos\\codewars\\codewars.js","statementMap":{"0":{"start":{"line":13,"column":22},"end":{"line":13,"column":23}},"1":{"start":{"line":14,"column":4},"end":{"line":18,"column":5}},"2":{"start":{"line":14,"column":16},"end":{"line":14,"column":17}},"3":{"start":{"line":15,"column":6},"end":{"line":17,"column":10}},"4":{"start":{"line":16,"column":9},"end":{"line":16,"column":23}},"5":{"start":{"line":20,"column":4},"end":{"line":20,"column":23}},"6":{"start":{"line":28,"column":15},"end":{"line":28,"column":20}},"7":{"start":{"line":29,"column":10},"end":{"line":29,"column":45}},"8":{"start":{"line":41,"column":15},"end":{"line":41,"column":51}},"9":{"start":{"line":43,"column":16},"end":{"line":43,"column":29}},"10":{"start":{"line":46,"column":2},"end":{"line":48,"column":3}},"11":{"start":{"line":46,"column":14},"end":{"line":46,"column":15}},"12":{"start":{"line":47,"column":4},"end":{"line":47,"column":25}},"13":{"start":{"line":50,"column":2},"end":{"line":50,"column":16}},"14":{"start":{"line":178,"column":25},"end":{"line":178,"column":38}},"15":{"start":{"line":179,"column":21},"end":{"line":179,"column":34}},"16":{"start":{"line":180,"column":24},"end":{"line":180,"column":40}},"17":{"start":{"line":181,"column":22},"end":{"line":181,"column":24}},"18":{"start":{"line":182,"column":2},"end":{"line":187,"column":3}},"19":{"start":{"line":182,"column":14},"end":{"line":182,"column":28}},"20":{"start":{"line":184,"column":6},"end":{"line":184,"column":32}},"21":{"start":{"line":185,"column":6},"end":{"line":185,"column":23}},"22":{"start":{"line":189,"column":20},"end":{"line":189,"column":52}},"23":{"start":{"line":190,"column":2},"end":{"line":190,"column":43}},"24":{"start":{"line":191,"column":2},"end":{"line":191,"column":22}},"25":{"start":{"line":194,"column":2},"end":{"line":198,"column":3}},"26":{"start":{"line":195,"column":4},"end":{"line":195,"column":16}},"27":{"start":{"line":197,"column":2},"end":{"line":197,"column":15}},"28":{"start":{"line":203,"column":20},"end":{"line":203,"column":43}},"29":{"start":{"line":204,"column":20},"end":{"line":204,"column":46}},"30":{"start":{"line":205,"column":15},"end":{"line":205,"column":19}},"31":{"start":{"line":207,"column":2},"end":{"line":211,"column":1}},"32":{"start":{"line":207,"column":14},"end":{"line":207,"column":15}},"33":{"start":{"line":208,"column":6},"end":{"line":210,"column":3}},"34":{"start":{"line":209,"column":6},"end":{"line":209,"column":21}},"35":{"start":{"line":212,"column":2},"end":{"line":212,"column":16}},"36":{"start":{"line":216,"column":0},"end":{"line":216,"column":34}},"37":{"start":{"line":217,"column":0},"end":{"line":217,"column":26}}},"fnMap":{"0":{"name":"getCount","decl":{"start":{"line":8,"column":9},"end":{"line":8,"column":17}},"loc":{"start":{"line":8,"column":23},"end":{"line":21,"column":3}},"line":8},"1":{"name":"descendingOrder","decl":{"start":{"line":34,"column":9},"end":{"line":34,"column":24}},"loc":{"start":{"line":34,"column":27},"end":{"line":52,"column":1}},"line":34},"2":{"name":"solution","decl":{"start":{"line":177,"column":9},"end":{"line":177,"column":17}},"loc":{"start":{"line":177,"column":30},"end":{"line":200,"column":1}},"line":177},"3":{"name":"solutionBetter","decl":{"start":{"line":202,"column":9},"end":{"line":202,"column":23}},"loc":{"start":{"line":202,"column":36},"end":{"line":213,"column":1}},"line":202}},"branchMap":{"0":{"loc":{"start":{"line":15,"column":6},"end":{"line":17,"column":10}},"type":"if","locations":[{"start":{"line":15,"column":6},"end":{"line":17,"column":10}},{"start":{},"end":{}}],"line":15},"1":{"loc":{"start":{"line":15,"column":10},"end":{"line":15,"column":96}},"type":"binary-expr","locations":[{"start":{"line":15,"column":10},"end":{"line":15,"column":24}},{"start":{"line":15,"column":28},"end":{"line":15,"column":42}},{"start":{"line":15,"column":46},"end":{"line":15,"column":60}},{"start":{"line":15,"column":64},"end":{"line":15,"column":78}},{"start":{"line":15,"column":82},"end":{"line":15,"column":96}}],"line":15},"2":{"loc":{"start":{"line":29,"column":10},"end":{"line":29,"column":45}},"type":"cond-expr","locations":[{"start":{"line":29,"column":28},"end":{"line":29,"column":35}},{"start":{"line":29,"column":38},"end":{"line":29,"column":45}}],"line":29},"3":{"loc":{"start":{"line":194,"column":2},"end":{"line":198,"column":3}},"type":"if","locations":[{"start":{"line":194,"column":2},"end":{"line":198,"column":3}},{"start":{"line":196,"column":7},"end":{"line":198,"column":3}}],"line":194},"4":{"loc":{"start":{"line":208,"column":6},"end":{"line":210,"column":3}},"type":"if","locations":[{"start":{"line":208,"column":6},"end":{"line":210,"column":3}},{"start":{},"end":{}}],"line":208}},"s":{"0":0,"1":0,"2":0,"3":0,"4":0,"5":0,"6":1,"7":1,"8":0,"9":0,"10":0,"11":0,"12":0,"13":0,"14":3,"15":3,"16":3,"17":3,"18":3,"19":3,"20":6,"21":6,"22":3,"23":3,"24":3,"25":3,"26":2,"27":1,"28":0,"29":0,"30":0,"31":0,"32":0,"33":0,"34":0,"35":0,"36":1,"37":1},"f":{"0":0,"1":0,"2":3,"3":0},"b":{"0":[0,0],"1":[0,0,0,0,0],"2":[1,0],"3":[2,1],"4":[0,0]},"_coverageSchema":"1a1c01bbd47fc00a2c39e90264f33305004495a9","hash":"2d273c9e492518e5966c1458c2500bc823acdbbf"}
}
