TN:
SF:sum.js
FN:1,sum
FNF:1
FNH:1
FNDA:1,sum
DA:2,1
DA:5,1
LF:2
LH:2
BRF:0
BRH:0
end_of_record
TN:
SF:codewars\codewars.js
FN:8,getCount
FN:34,descendingOrder
FN:177,solution
FN:202,solutionBetter
FNF:4
FNH:1
FNDA:0,getCount
FNDA:0,descendingOrder
FNDA:3,solution
FNDA:0,solutionBetter
DA:13,0
DA:14,0
DA:15,0
DA:16,0
DA:20,0
DA:28,1
DA:29,1
DA:41,0
DA:43,0
DA:46,0
DA:47,0
DA:50,0
DA:178,3
DA:179,3
DA:180,3
DA:181,3
DA:182,3
DA:184,6
DA:185,6
DA:189,3
DA:190,3
DA:191,3
DA:194,3
DA:195,2
DA:197,1
DA:203,0
DA:204,0
DA:205,0
DA:207,0
DA:208,0
DA:209,0
DA:212,0
DA:216,1
DA:217,1
LF:34
LH:17
BRDA:15,0,0,0
BRDA:15,0,1,0
BRDA:15,1,0,0
BRDA:15,1,1,0
BRDA:15,1,2,0
BRDA:15,1,3,0
BRDA:15,1,4,0
BRDA:29,2,0,1
BRDA:29,2,1,0
BRDA:194,3,0,2
BRDA:194,3,1,1
BRDA:208,4,0,0
BRDA:208,4,1,0
BRF:13
BRH:3
end_of_record
